[74792:26336:0603/092308.224:WARNING:chrome_main_delegate.cc(742)] This is Chrome version 125.0.6422.113 (not a warning)
[74792:26336:0603/092308.312:INFO:chrome_browser_cloud_management_controller.cc(168)] Starting CBCM Controller Initialization
[74792:26336:0603/092308.312:INFO:chrome_browser_cloud_management_controller.cc(196)] No machine level policy manager exists.
[74792:26336:0603/092308.351:WARNING:browser_management_service.cc(128)] EnterpriseLogoUrl fetch failed with error code -1 and MIME type 
[74792:26336:0603/092519.915:INFO:CONSOLE(1)] "%s [0.008] [SW] init", source: https://web.telegram.org/k/sw-B-D11xEt.js (1)
[74792:26336:0603/092519.916:INFO:CONSOLE(1)] "%s [0.010] [SW] got 0 windows from the start", source: https://web.telegram.org/k/sw-B-D11xEt.js (1)
[74792:26336:0603/092520.863:ERROR:interface_endpoint_client.cc(722)] Message 1 rejected by interface blink.mojom.WidgetHost
[74792:26336:0603/092521.239:INFO:CONSOLE(1)] "%s [1.333] [SW] window connected 51e76963-cd5f-45ab-a68f-9564a17fdd25 windows before 0", source: https://web.telegram.org/k/sw-B-D11xEt.js (1)
[74792:26336:0603/092521.239:INFO:CONSOLE(2)] "Supported image mime types [object Set]", source: https://web.telegram.org/k/index-BkkOS5_4.js (2)
[74792:26336:0603/092521.240:INFO:CONSOLE(1)] "%s [1.333] [SW] windows ", source: https://web.telegram.org/k/sw-B-D11xEt.js (1)
[74792:26336:0603/092521.240:INFO:CONSOLE(1)] "%s [1.333] [SW] sending message port for mtproto", source: https://web.telegram.org/k/sw-B-D11xEt.js (1)
[74792:26336:0603/092521.292:INFO:CONSOLE(2)] "got state, time: 56.5", source: https://web.telegram.org/k/index-BkkOS5_4.js (2)
[74792:26336:0603/092521.293:INFO:CONSOLE(2)] "Will mount IM page: 1717381521.293", source: https://web.telegram.org/k/index-BkkOS5_4.js (2)
[74792:26336:0603/092521.948:INFO:CONSOLE(0)] "Uncaught (in promise) #<Object>", source: https://web.telegram.org/k/#@cellcoin_bot (0)
[74792:26336:0603/092522.506:INFO:CONSOLE(0)] "Uncaught (in promise) #<Object>", source: https://web.telegram.org/k/#@cellcoin_bot (0)
[74792:26336:0603/092522.510:INFO:CONSOLE(0)] "Uncaught (in promise) #<Object>", source: https://web.telegram.org/k/#@cellcoin_bot (0)
[74792:26336:0603/092522.530:INFO:CONSOLE(0)] "Notifications permission has been blocked as the user has dismissed the permission prompt several times. This can be reset in Page Info which can be accessed by clicking the lock icon next to the URL. See https://www.chromestatus.com/feature/6443143280984064 for more information.", source: https://web.telegram.org/k/#@cellcoin_bot (0)
[74792:26336:0603/092522.871:INFO:CONSOLE(0)] "Third-party cookie will be blocked. Learn more in the Issues tab.", source: https://web.telegram.org/k/#@cellcoin_bot (0)
[74792:26336:0603/092522.871:INFO:CONSOLE(0)] "Third-party cookie will be blocked. Learn more in the Issues tab.", source: https://web.telegram.org/k/#@cellcoin_bot (0)
[74792:26336:0603/092522.967:INFO:CONSOLE(0)] "Third-party cookie will be blocked. Learn more in the Issues tab.", source: https://web.telegram.org/k/#@cellcoin_bot (0)
[74792:26336:0603/092522.967:INFO:CONSOLE(0)] "Third-party cookie will be blocked. Learn more in the Issues tab.", source: https://web.telegram.org/k/#@cellcoin_bot (0)
[74792:26336:0603/092522.967:INFO:CONSOLE(0)] "Third-party cookie will be blocked. Learn more in the Issues tab.", source: https://web.telegram.org/k/#@cellcoin_bot (0)
[74792:26336:0603/092522.968:INFO:CONSOLE(0)] "Third-party cookie will be blocked. Learn more in the Issues tab.", source: https://web.telegram.org/k/#@cellcoin_bot (0)
[74792:26336:0603/092523.029:INFO:CONSOLE(7)] "Uncaught (in promise) TypeError: Cannot read properties of undefined (reading 'message')", source: https://web.telegram.org/k/appDialogsManager-CDk_LrRm.js (7)
[74792:26336:0603/092524.476:INFO:CONSOLE(30)] "loadPromises are still pending? [object Object]", source: https://web.telegram.org/k/appDialogsManager-CDk_LrRm.js (30)
[74792:26336:0603/092527.550:INFO:CONSOLE(7)] "Uncaught (in promise) TypeError: Cannot read properties of undefined (reading 'message')", source: https://web.telegram.org/k/appDialogsManager-CDk_LrRm.js (7)
[74792:26336:0603/092530.616:INFO:CONSOLE(306)] "[object Object]", source: https://web.telegram.org/k/appDialogsManager-CDk_LrRm.js (306)
[74792:26336:0603/092531.189:INFO:CONSOLE(1065)] "undefined", source: https://app.tgquest.com/_next/static/chunks/pages/_app-df7dcd428e84f5a7.js (1065)
[74792:26336:0603/092531.190:INFO:CONSOLE(1065)] "[object Object]", source: https://app.tgquest.com/_next/static/chunks/pages/_app-df7dcd428e84f5a7.js (1065)
[74792:26336:0603/092531.374:INFO:CONSOLE(1065)] "undefined", source: https://app.tgquest.com/_next/static/chunks/pages/_app-df7dcd428e84f5a7.js (1065)
[74792:26336:0603/092531.374:INFO:CONSOLE(1065)] "[object Object]", source: https://app.tgquest.com/_next/static/chunks/pages/_app-df7dcd428e84f5a7.js (1065)
[74792:26336:0603/092531.416:INFO:CONSOLE(1065)] "[Telegram.WebView] > postEvent web_app_set_header_color [object Object]", source: https://app.tgquest.com/_next/static/chunks/pages/_app-df7dcd428e84f5a7.js (1065)
[74792:26336:0603/092531.416:INFO:CONSOLE(1065)] "[Telegram.WebView] > postEvent web_app_set_background_color [object Object]", source: https://app.tgquest.com/_next/static/chunks/pages/_app-df7dcd428e84f5a7.js (1065)
[74792:26336:0603/092531.416:INFO:CONSOLE(1065)] "[Telegram.WebView] > postEvent web_app_request_theme ", source: https://app.tgquest.com/_next/static/chunks/pages/_app-df7dcd428e84f5a7.js (1065)
[74792:26336:0603/092531.416:INFO:CONSOLE(1065)] "[Telegram.WebView] > postEvent web_app_request_viewport ", source: https://app.tgquest.com/_next/static/chunks/pages/_app-df7dcd428e84f5a7.js (1065)
[74792:26336:0603/092531.426:INFO:CONSOLE(1065)] "[Telegram.WebView] < receiveEvent theme_changed [object Object]", source: https://app.tgquest.com/_next/static/chunks/pages/_app-df7dcd428e84f5a7.js (1065)
[74792:26336:0603/092531.427:INFO:CONSOLE(1065)] "[Telegram.WebView] > postEvent web_app_setup_main_button [object Object]", source: https://app.tgquest.com/_next/static/chunks/pages/_app-df7dcd428e84f5a7.js (1065)
[74792:26336:0603/092532.171:INFO:CONSOLE(1065)] "[Telegram.WebView] > postEvent web_app_ready ", source: https://app.tgquest.com/_next/static/chunks/pages/_app-df7dcd428e84f5a7.js (1065)
[74792:26336:0603/092532.171:INFO:CONSOLE(1065)] "[Telegram.WebView] > postEvent web_app_expand ", source: https://app.tgquest.com/_next/static/chunks/pages/_app-df7dcd428e84f5a7.js (1065)
[74792:26336:0603/092532.172:INFO:CONSOLE(1065)] "[Telegram.WebView] > postEvent web_app_setup_closing_behavior [object Object]", source: https://app.tgquest.com/_next/static/chunks/pages/_app-df7dcd428e84f5a7.js (1065)
[74792:26336:0603/092532.173:INFO:CONSOLE(1065)] "undefined", source: https://app.tgquest.com/_next/static/chunks/pages/_app-df7dcd428e84f5a7.js (1065)
[74792:26336:0603/092532.173:INFO:CONSOLE(1065)] "[object Object]", source: https://app.tgquest.com/_next/static/chunks/pages/_app-df7dcd428e84f5a7.js (1065)
[74792:26336:0603/092533.181:INFO:CONSOLE(1065)] "[Telegram.WebView] > postEvent web_app_ready ", source: https://app.tgquest.com/_next/static/chunks/pages/_app-df7dcd428e84f5a7.js (1065)
[74792:26336:0603/092533.181:INFO:CONSOLE(1065)] "[Telegram.WebView] > postEvent web_app_expand ", source: https://app.tgquest.com/_next/static/chunks/pages/_app-df7dcd428e84f5a7.js (1065)
[74792:26336:0603/092533.182:INFO:CONSOLE(1065)] "[Telegram.WebView] > postEvent web_app_setup_closing_behavior [object Object]", source: https://app.tgquest.com/_next/static/chunks/pages/_app-df7dcd428e84f5a7.js (1065)
[74792:26336:0603/092535.583:INFO:CONSOLE(0)] "The resource https://app.tgquest.com/img/header.png was preloaded using link preload but not used within a few seconds from the window's load event. Please make sure it has an appropriate `as` value and it is preloaded intentionally.", source: https://app.tgquest.com/?tgWebAppStartParam=Nzc1NzYzNjU5#tgWebAppData=user%3D%257B%2522id%2522%253A775763659%252C%2522first_name%2522%253A%2522X%2522%252C%2522last_name%2522%253A%2522Magneto%2522%252C%2522username%2522%253A%2522haidb1%2522%252C%2522language_code%2522%253A%2522en%2522%252C%2522allows_write_to_pm%2522%253Atrue%257D%26chat_instance%3D-1248391230387517005%26chat_type%3Dsender%26start_param%3DNzc1NzYzNjU5%26auth_date%3D1717381529%26hash%3D68f39c72194eff91d128f7eb0ad14a11b6f9b64a4c5cf4c69582d1a365f16c40&tgWebAppVersion=7.2&tgWebAppPlatform=web&tgWebAppThemeParams=%7B%22bg_color%22%3A%22%23ffffff%22%2C%22button_color%22%3A%22%233390ec%22%2C%22button_text_color%22%3A%22%23ffffff%22%2C%22hint_color%22%3A%22%23707579%22%2C%22link_color%22%3A%22%2300488f%22%2C%22secondary_bg_color%22%3A%22%23f4f4f5%22%2C%22text_color%22%3A%22%23000000%22%2C%22header_bg_color%22%3A%22%23ffffff%22%2C%22accent_text_color%22%3A%22%233390ec%22%2C%22section_bg_color%22%3A%22%23ffffff%22%2C%22section_header_text_color%22%3A%22%233390ec%22%2C%22subtitle_text_color%22%3A%22%23707579%22%2C%22destructive_text_color%22%3A%22%23df3f40%22%7D (0)
[74792:26336:0603/092540.802:INFO:CONSOLE(0)] "The resource https://app.tgquest.com/img/header.png was preloaded using link preload but not used within a few seconds from the window's load event. Please make sure it has an appropriate `as` value and it is preloaded intentionally.", source: https://app.tgquest.com/?tgWebAppStartParam=Nzc1NzYzNjU5#tgWebAppData=user%3D%257B%2522id%2522%253A775763659%252C%2522first_name%2522%253A%2522X%2522%252C%2522last_name%2522%253A%2522Magneto%2522%252C%2522username%2522%253A%2522haidb1%2522%252C%2522language_code%2522%253A%2522en%2522%252C%2522allows_write_to_pm%2522%253Atrue%257D%26chat_instance%3D-1248391230387517005%26chat_type%3Dsender%26start_param%3DNzc1NzYzNjU5%26auth_date%3D1717381529%26hash%3D68f39c72194eff91d128f7eb0ad14a11b6f9b64a4c5cf4c69582d1a365f16c40&tgWebAppVersion=7.2&tgWebAppPlatform=web&tgWebAppThemeParams=%7B%22bg_color%22%3A%22%23ffffff%22%2C%22button_color%22%3A%22%233390ec%22%2C%22button_text_color%22%3A%22%23ffffff%22%2C%22hint_color%22%3A%22%23707579%22%2C%22link_color%22%3A%22%2300488f%22%2C%22secondary_bg_color%22%3A%22%23f4f4f5%22%2C%22text_color%22%3A%22%23000000%22%2C%22header_bg_color%22%3A%22%23ffffff%22%2C%22accent_text_color%22%3A%22%233390ec%22%2C%22section_bg_color%22%3A%22%23ffffff%22%2C%22section_header_text_color%22%3A%22%233390ec%22%2C%22subtitle_text_color%22%3A%22%23707579%22%2C%22destructive_text_color%22%3A%22%23df3f40%22%7D (0)
[74792:26336:0603/092549.533:INFO:CONSOLE(0)] "The resource https://app.tgquest.com/img/header.png was preloaded using link preload but not used within a few seconds from the window's load event. Please make sure it has an appropriate `as` value and it is preloaded intentionally.", source: https://app.tgquest.com/?tgWebAppStartParam=Nzc1NzYzNjU5#tgWebAppData=user%3D%257B%2522id%2522%253A775763659%252C%2522first_name%2522%253A%2522X%2522%252C%2522last_name%2522%253A%2522Magneto%2522%252C%2522username%2522%253A%2522haidb1%2522%252C%2522language_code%2522%253A%2522en%2522%252C%2522allows_write_to_pm%2522%253Atrue%257D%26chat_instance%3D-1248391230387517005%26chat_type%3Dsender%26start_param%3DNzc1NzYzNjU5%26auth_date%3D1717381529%26hash%3D68f39c72194eff91d128f7eb0ad14a11b6f9b64a4c5cf4c69582d1a365f16c40&tgWebAppVersion=7.2&tgWebAppPlatform=web&tgWebAppThemeParams=%7B%22bg_color%22%3A%22%23ffffff%22%2C%22button_color%22%3A%22%233390ec%22%2C%22button_text_color%22%3A%22%23ffffff%22%2C%22hint_color%22%3A%22%23707579%22%2C%22link_color%22%3A%22%2300488f%22%2C%22secondary_bg_color%22%3A%22%23f4f4f5%22%2C%22text_color%22%3A%22%23000000%22%2C%22header_bg_color%22%3A%22%23ffffff%22%2C%22accent_text_color%22%3A%22%233390ec%22%2C%22section_bg_color%22%3A%22%23ffffff%22%2C%22section_header_text_color%22%3A%22%233390ec%22%2C%22subtitle_text_color%22%3A%22%23707579%22%2C%22destructive_text_color%22%3A%22%23df3f40%22%7D (0)
[74792:26336:0603/092552.397:INFO:CONSOLE(1065)] "[object Object]", source: https://app.tgquest.com/_next/static/chunks/pages/_app-df7dcd428e84f5a7.js (1065)
[74792:26336:0603/092552.398:INFO:CONSOLE(1065)] "Ooops! AxiosError: Network Error", source: https://app.tgquest.com/_next/static/chunks/pages/_app-df7dcd428e84f5a7.js (1065)
[74792:26336:0603/092552.642:INFO:CONSOLE(1065)] "[object Object]", source: https://app.tgquest.com/_next/static/chunks/pages/_app-df7dcd428e84f5a7.js (1065)
[74792:26336:0603/092552.642:INFO:CONSOLE(1065)] "Ooops! AxiosError: Network Error", source: https://app.tgquest.com/_next/static/chunks/pages/_app-df7dcd428e84f5a7.js (1065)
[74792:26336:0603/092552.673:INFO:CONSOLE(1065)] "[object Object]", source: https://app.tgquest.com/_next/static/chunks/pages/_app-df7dcd428e84f5a7.js (1065)
[74792:26336:0603/092552.673:INFO:CONSOLE(1065)] "Ooops! AxiosError: Network Error", source: https://app.tgquest.com/_next/static/chunks/pages/_app-df7dcd428e84f5a7.js (1065)
[74792:26336:0603/092552.688:INFO:CONSOLE(1065)] "[object Object]", source: https://app.tgquest.com/_next/static/chunks/pages/_app-df7dcd428e84f5a7.js (1065)
[74792:26336:0603/092552.688:INFO:CONSOLE(1065)] "Ooops! AxiosError: Network Error", source: https://app.tgquest.com/_next/static/chunks/pages/_app-df7dcd428e84f5a7.js (1065)
[74792:26336:0603/092552.690:INFO:CONSOLE(1065)] "[object Object]", source: https://app.tgquest.com/_next/static/chunks/pages/_app-df7dcd428e84f5a7.js (1065)
[74792:26336:0603/092552.690:INFO:CONSOLE(1065)] "Ooops! AxiosError: Network Error", source: https://app.tgquest.com/_next/static/chunks/pages/_app-df7dcd428e84f5a7.js (1065)
[74792:26336:0603/092552.690:INFO:CONSOLE(1065)] "Ooops! AxiosError: Network Error", source: https://app.tgquest.com/_next/static/chunks/pages/_app-df7dcd428e84f5a7.js (1065)
[74792:26336:0603/092555.776:INFO:CONSOLE(0)] "The resource https://app.tgquest.com/img/header.png was preloaded using link preload but not used within a few seconds from the window's load event. Please make sure it has an appropriate `as` value and it is preloaded intentionally.", source: https://app.tgquest.com/?tgWebAppStartParam=Nzc1NzYzNjU5#tgWebAppData=user%3D%257B%2522id%2522%253A775763659%252C%2522first_name%2522%253A%2522X%2522%252C%2522last_name%2522%253A%2522Magneto%2522%252C%2522username%2522%253A%2522haidb1%2522%252C%2522language_code%2522%253A%2522en%2522%252C%2522allows_write_to_pm%2522%253Atrue%257D%26chat_instance%3D-1248391230387517005%26chat_type%3Dsender%26start_param%3DNzc1NzYzNjU5%26auth_date%3D1717381529%26hash%3D68f39c72194eff91d128f7eb0ad14a11b6f9b64a4c5cf4c69582d1a365f16c40&tgWebAppVersion=7.2&tgWebAppPlatform=web&tgWebAppThemeParams=%7B%22bg_color%22%3A%22%23ffffff%22%2C%22button_color%22%3A%22%233390ec%22%2C%22button_text_color%22%3A%22%23ffffff%22%2C%22hint_color%22%3A%22%23707579%22%2C%22link_color%22%3A%22%2300488f%22%2C%22secondary_bg_color%22%3A%22%23f4f4f5%22%2C%22text_color%22%3A%22%23000000%22%2C%22header_bg_color%22%3A%22%23ffffff%22%2C%22accent_text_color%22%3A%22%233390ec%22%2C%22section_bg_color%22%3A%22%23ffffff%22%2C%22section_header_text_color%22%3A%22%233390ec%22%2C%22subtitle_text_color%22%3A%22%23707579%22%2C%22destructive_text_color%22%3A%22%23df3f40%22%7D (0)
[74792:26336:0603/092605.773:INFO:CONSOLE(0)] "Uncaught (in promise) undefined", source: https://web.telegram.org/k/#@getcapybot (0)
[74792:26336:0603/092612.988:INFO:CONSOLE(0)] "Uncaught (in promise) undefined", source: https://web.telegram.org/k/#@getcapybot (0)
[74792:26336:0603/092613.422:INFO:CONSOLE(1065)] "[object Object]", source: https://app.tgquest.com/_next/static/chunks/pages/_app-df7dcd428e84f5a7.js (1065)
[74792:26336:0603/092613.422:INFO:CONSOLE(1065)] "Ooops! AxiosError: Network Error", source: https://app.tgquest.com/_next/static/chunks/pages/_app-df7dcd428e84f5a7.js (1065)
[74792:26336:0603/092613.423:INFO:CONSOLE(1065)] "undefined", source: https://app.tgquest.com/_next/static/chunks/pages/_app-df7dcd428e84f5a7.js (1065)
[74792:26336:0603/092613.423:INFO:CONSOLE(1065)] "[object Object]", source: https://app.tgquest.com/_next/static/chunks/pages/_app-df7dcd428e84f5a7.js (1065)
[74792:26336:0603/092613.668:INFO:CONSOLE(1065)] "[object Object]", source: https://app.tgquest.com/_next/static/chunks/pages/_app-df7dcd428e84f5a7.js (1065)
[74792:26336:0603/092613.668:INFO:CONSOLE(1065)] "Ooops! AxiosError: Network Error", source: https://app.tgquest.com/_next/static/chunks/pages/_app-df7dcd428e84f5a7.js (1065)
[74792:26336:0603/092613.668:INFO:CONSOLE(1065)] "undefined", source: https://app.tgquest.com/_next/static/chunks/pages/_app-df7dcd428e84f5a7.js (1065)
[74792:26336:0603/092613.668:INFO:CONSOLE(1065)] "[object Object]", source: https://app.tgquest.com/_next/static/chunks/pages/_app-df7dcd428e84f5a7.js (1065)
[74792:26336:0603/092613.701:INFO:CONSOLE(0)] "Uncaught (in promise) AxiosError: Network Error", source: https://app.tgquest.com/?tgWebAppStartParam=Nzc1NzYzNjU5#tgWebAppData=user%3D%257B%2522id%2522%253A775763659%252C%2522first_name%2522%253A%2522X%2522%252C%2522last_name%2522%253A%2522Magneto%2522%252C%2522username%2522%253A%2522haidb1%2522%252C%2522language_code%2522%253A%2522en%2522%252C%2522allows_write_to_pm%2522%253Atrue%257D%26chat_instance%3D-1248391230387517005%26chat_type%3Dsender%26start_param%3DNzc1NzYzNjU5%26auth_date%3D1717381529%26hash%3D68f39c72194eff91d128f7eb0ad14a11b6f9b64a4c5cf4c69582d1a365f16c40&tgWebAppVersion=7.2&tgWebAppPlatform=web&tgWebAppThemeParams=%7B%22bg_color%22%3A%22%23ffffff%22%2C%22button_color%22%3A%22%233390ec%22%2C%22button_text_color%22%3A%22%23ffffff%22%2C%22hint_color%22%3A%22%23707579%22%2C%22link_color%22%3A%22%2300488f%22%2C%22secondary_bg_color%22%3A%22%23f4f4f5%22%2C%22text_color%22%3A%22%23000000%22%2C%22header_bg_color%22%3A%22%23ffffff%22%2C%22accent_text_color%22%3A%22%233390ec%22%2C%22section_bg_color%22%3A%22%23ffffff%22%2C%22section_header_text_color%22%3A%22%233390ec%22%2C%22subtitle_text_color%22%3A%22%23707579%22%2C%22destructive_text_color%22%3A%22%23df3f40%22%7D (0)
[74792:26336:0603/092619.656:INFO:CONSOLE(2)] "%s [58.532] [SEARCH-SUPER] load error: TypeError: Cannot destructure property 'mid' of 'undefined' as it is undefined.", source: https://web.telegram.org/k/index-BkkOS5_4.js (2)
[74792:26336:0603/092839.885:INFO:CONSOLE(7)] "Uncaught (in promise) TypeError: Cannot read properties of undefined (reading 'message')", source: https://web.telegram.org/k/appDialogsManager-CDk_LrRm.js (7)
[74792:26336:0603/092846.463:INFO:CONSOLE(1)] "%s [206.528] [SW] something has disconnected [object WindowClient]", source: https://web.telegram.org/k/sw-B-D11xEt.js (1)
[74792:26336:0603/092846.464:INFO:CONSOLE(1)] "%s [206.528] [SW] window disconnected, left 0", source: https://web.telegram.org/k/sw-B-D11xEt.js (1)
[74792:26336:0603/092846.464:INFO:CONSOLE(1)] "%s [206.530] [SW] no windows left", source: https://web.telegram.org/k/sw-B-D11xEt.js (1)
[74792:26336:0603/092846.464:INFO:CONSOLE(1)] "%s [206.531] [SW] something has disconnected [object MessagePort]", source: https://web.telegram.org/k/sw-B-D11xEt.js (1)
[74792:26336:0603/092846.464:INFO:CONSOLE(1)] "%s [206.532] [SW] it is not a window", source: https://web.telegram.org/k/sw-B-D11xEt.js (1)
[74792:26336:0603/092846.464:INFO:CONSOLE(1)] "%s [206.532] [SW] cancelling all downloads", source: https://web.telegram.org/k/sw-B-D11xEt.js (1)
[74792:26336:0603/092846.629:WARNING:pref_notifier_impl.cc(41)] Pref observer for media_router.cast_allow_all_ips found at shutdown.
