[40392:19512:0603/092309.675:WARNING:chrome_main_delegate.cc(742)] This is Chrome version 125.0.6422.113 (not a warning)
[40392:19512:0603/092309.823:INFO:chrome_browser_cloud_management_controller.cc(168)] Starting CBCM Controller Initialization
[40392:19512:0603/092309.824:INFO:chrome_browser_cloud_management_controller.cc(196)] No machine level policy manager exists.
[40392:19512:0603/092309.853:WARNING:browser_management_service.cc(128)] EnterpriseLogoUrl fetch failed with error code -1 and MIME type 
[40392:19512:0603/092311.773:WARNING:browser_management_service.cc(128)] EnterpriseLogoUrl fetch failed with error code -1 and MIME type 
[40392:19512:0603/092348.886:ERROR:CONSOLE(1)] "Request Storage.getStorageKeyForFrame failed. {"code":-32602,"message":"Frame tree node for given frame not found"}", source: devtools://devtools/bundled/devtools-frontend/front_end/core/protocol_client/protocol_client.js (1)
[40392:19512:0603/092348.891:ERROR:CONSOLE(1)] "Request Storage.getStorageKeyForFrame failed. {"code":-32602,"message":"Frame tree node for given frame not found"}", source: devtools://devtools/bundled/devtools-frontend/front_end/core/protocol_client/protocol_client.js (1)
[40392:19512:0603/092348.897:ERROR:CONSOLE(1)] "Request Storage.getStorageKeyForFrame failed. {"code":-32602,"message":"Frame tree node for given frame not found"}", source: devtools://devtools/bundled/devtools-frontend/front_end/core/protocol_client/protocol_client.js (1)
[40392:19512:0603/092348.897:ERROR:CONSOLE(1)] "Request Storage.getStorageKeyForFrame failed. {"code":-32602,"message":"Frame tree node for given frame not found"}", source: devtools://devtools/bundled/devtools-frontend/front_end/core/protocol_client/protocol_client.js (1)
[40392:19512:0603/092454.137:INFO:CONSOLE(1065)] "undefined", source: https://app.tgquest.com/_next/static/chunks/pages/_app-df7dcd428e84f5a7.js (1065)
[40392:19512:0603/092454.138:INFO:CONSOLE(1065)] "[object Object]", source: https://app.tgquest.com/_next/static/chunks/pages/_app-df7dcd428e84f5a7.js (1065)
[40392:19512:0603/092454.248:INFO:CONSOLE(1065)] "undefined", source: https://app.tgquest.com/_next/static/chunks/pages/_app-df7dcd428e84f5a7.js (1065)
[40392:19512:0603/092454.248:INFO:CONSOLE(1065)] "[object Object]", source: https://app.tgquest.com/_next/static/chunks/pages/_app-df7dcd428e84f5a7.js (1065)
[40392:19512:0603/092455.328:INFO:CONSOLE(1065)] "[Telegram.WebView] > postEvent web_app_set_header_color [object Object]", source: https://app.tgquest.com/_next/static/chunks/pages/_app-df7dcd428e84f5a7.js (1065)
[40392:19512:0603/092455.329:INFO:CONSOLE(1065)] "[Telegram.WebView] > postEvent web_app_set_background_color [object Object]", source: https://app.tgquest.com/_next/static/chunks/pages/_app-df7dcd428e84f5a7.js (1065)
[40392:19512:0603/092455.329:INFO:CONSOLE(1065)] "[Telegram.WebView] > postEvent web_app_request_theme ", source: https://app.tgquest.com/_next/static/chunks/pages/_app-df7dcd428e84f5a7.js (1065)
[40392:19512:0603/092455.329:INFO:CONSOLE(1065)] "[Telegram.WebView] > postEvent web_app_request_viewport ", source: https://app.tgquest.com/_next/static/chunks/pages/_app-df7dcd428e84f5a7.js (1065)
[40392:19512:0603/092455.436:INFO:CONSOLE(1065)] "[object Object]", source: https://app.tgquest.com/_next/static/chunks/pages/_app-df7dcd428e84f5a7.js (1065)
[40392:19512:0603/092455.436:INFO:CONSOLE(1065)] "Ooops! AxiosError: Request failed with status code 401", source: https://app.tgquest.com/_next/static/chunks/pages/_app-df7dcd428e84f5a7.js (1065)
[40392:19512:0603/092503.454:INFO:CONSOLE(0)] "The resource https://app.tgquest.com/img/header.png was preloaded using link preload but not used within a few seconds from the window's load event. Please make sure it has an appropriate `as` value and it is preloaded intentionally.", source: https://app.tgquest.com/?tgWebAppStartParam=Nzc1NzYzNjU5#tgWebAppData=user%3D%257B%2522id%2522%253A6229339310%252C%2522first_name%2522%253A%2522C%25C3%25A0%2522%252C%2522last_name%2522%253A%2522R%25E1%25BB%2591t%2522%252C%2522language_code%2522%253A%2522en%2522%252C%2522allows_write_to_pm%2522%253Atrue%257D%26chat_instance%3D-7625161332262385604%26chat_type%3Dsender%26start_param%3DNzc1NzYzNjU5%26auth_date%3D1717381291%26hash%3D16035c5abec54fe35f076ddc37e85e58c00b74f9ce65b9b96b6b53daae5f1132&tgWebAppVersion=7.2&tgWebAppPlatform=weba&tgWebAppThemeParams=%7B%22bg_color%22%3A%22%23ffffff%22%2C%22text_color%22%3A%22%23000000%22%2C%22hint_color%22%3A%22%23707579%22%2C%22link_color%22%3A%22%233390ec%22%2C%22button_color%22%3A%22%233390ec%22%2C%22button_text_color%22%3A%22%23ffffff%22%2C%22secondary_bg_color%22%3A%22%23f4f4f5%22%2C%22header_bg_color%22%3A%22%23ffffff%22%2C%22accent_text_color%22%3A%22%233390ec%22%2C%22section_bg_color%22%3A%22%23ffffff%22%2C%22section_header_text_color%22%3A%22%23707579%22%2C%22subtitle_text_color%22%3A%22%23707579%22%2C%22destructive_text_color%22%3A%22%23e53935%22%7D (0)
[40392:19512:0603/092512.621:INFO:CONSOLE(0)] "The resource https://app.tgquest.com/img/header.png was preloaded using link preload but not used within a few seconds from the window's load event. Please make sure it has an appropriate `as` value and it is preloaded intentionally.", source: https://app.tgquest.com/?tgWebAppStartParam=Nzc1NzYzNjU5#tgWebAppData=user%3D%257B%2522id%2522%253A6229339310%252C%2522first_name%2522%253A%2522C%25C3%25A0%2522%252C%2522last_name%2522%253A%2522R%25E1%25BB%2591t%2522%252C%2522language_code%2522%253A%2522en%2522%252C%2522allows_write_to_pm%2522%253Atrue%257D%26chat_instance%3D-7625161332262385604%26chat_type%3Dsender%26start_param%3DNzc1NzYzNjU5%26auth_date%3D1717381291%26hash%3D16035c5abec54fe35f076ddc37e85e58c00b74f9ce65b9b96b6b53daae5f1132&tgWebAppVersion=7.2&tgWebAppPlatform=weba&tgWebAppThemeParams=%7B%22bg_color%22%3A%22%23ffffff%22%2C%22text_color%22%3A%22%23000000%22%2C%22hint_color%22%3A%22%23707579%22%2C%22link_color%22%3A%22%233390ec%22%2C%22button_color%22%3A%22%233390ec%22%2C%22button_text_color%22%3A%22%23ffffff%22%2C%22secondary_bg_color%22%3A%22%23f4f4f5%22%2C%22header_bg_color%22%3A%22%23ffffff%22%2C%22accent_text_color%22%3A%22%233390ec%22%2C%22section_bg_color%22%3A%22%23ffffff%22%2C%22section_header_text_color%22%3A%22%23707579%22%2C%22subtitle_text_color%22%3A%22%23707579%22%2C%22destructive_text_color%22%3A%22%23e53935%22%7D (0)
[40392:19512:0603/092515.313:INFO:CONSOLE(1065)] "[object Object]", source: https://app.tgquest.com/_next/static/chunks/pages/_app-df7dcd428e84f5a7.js (1065)
[40392:19512:0603/092515.313:INFO:CONSOLE(1065)] "Ooops! AxiosError: Network Error", source: https://app.tgquest.com/_next/static/chunks/pages/_app-df7dcd428e84f5a7.js (1065)
[40392:19512:0603/092515.314:INFO:CONSOLE(1065)] "[object Object]", source: https://app.tgquest.com/_next/static/chunks/pages/_app-df7dcd428e84f5a7.js (1065)
[40392:19512:0603/092515.314:INFO:CONSOLE(1065)] "Ooops! AxiosError: Network Error", source: https://app.tgquest.com/_next/static/chunks/pages/_app-df7dcd428e84f5a7.js (1065)
[40392:19512:0603/092515.315:INFO:CONSOLE(1065)] "[object Object]", source: https://app.tgquest.com/_next/static/chunks/pages/_app-df7dcd428e84f5a7.js (1065)
[40392:19512:0603/092515.315:INFO:CONSOLE(1065)] "Ooops! AxiosError: Network Error", source: https://app.tgquest.com/_next/static/chunks/pages/_app-df7dcd428e84f5a7.js (1065)
[40392:19512:0603/092515.327:INFO:CONSOLE(1065)] "[object Object]", source: https://app.tgquest.com/_next/static/chunks/pages/_app-df7dcd428e84f5a7.js (1065)
[40392:19512:0603/092515.327:INFO:CONSOLE(1065)] "Ooops! AxiosError: Network Error", source: https://app.tgquest.com/_next/static/chunks/pages/_app-df7dcd428e84f5a7.js (1065)
[40392:19512:0603/092515.328:INFO:CONSOLE(1065)] "[object Object]", source: https://app.tgquest.com/_next/static/chunks/pages/_app-df7dcd428e84f5a7.js (1065)
[40392:19512:0603/092515.328:INFO:CONSOLE(1065)] "Ooops! AxiosError: Network Error", source: https://app.tgquest.com/_next/static/chunks/pages/_app-df7dcd428e84f5a7.js (1065)
[40392:19512:0603/092515.328:INFO:CONSOLE(1065)] "Ooops! AxiosError: Network Error", source: https://app.tgquest.com/_next/static/chunks/pages/_app-df7dcd428e84f5a7.js (1065)
[40392:19512:0603/092515.347:INFO:CONSOLE(1065)] "Error: Unable to determine current environment and possible way to send event.", source: https://app.tgquest.com/_next/static/chunks/pages/_app-df7dcd428e84f5a7.js (1065)
[40392:19512:0603/092515.347:INFO:CONSOLE(1065)] "Error: Unable to determine current environment and possible way to send event.", source: https://app.tgquest.com/_next/static/chunks/pages/_app-df7dcd428e84f5a7.js (1065)
[40392:19512:0603/092515.348:INFO:CONSOLE(1065)] "A client-side exception has occurred, see here for more info: https://nextjs.org/docs/messages/client-side-exception-occurred", source: https://app.tgquest.com/_next/static/chunks/pages/_app-df7dcd428e84f5a7.js (1065)
[40392:19512:0603/092515.463:INFO:CONSOLE(1065)] "undefined", source: https://app.tgquest.com/_next/static/chunks/pages/_app-df7dcd428e84f5a7.js (1065)
[40392:19512:0603/092515.463:INFO:CONSOLE(1065)] "[object Object]", source: https://app.tgquest.com/_next/static/chunks/pages/_app-df7dcd428e84f5a7.js (1065)
[40392:19512:0603/092515.467:INFO:CONSOLE(1065)] "Error: Unable to determine current environment and possible way to send event.", source: https://app.tgquest.com/_next/static/chunks/pages/_app-df7dcd428e84f5a7.js (1065)
[40392:19512:0603/092515.467:INFO:CONSOLE(1065)] "Error: Unable to determine current environment and possible way to send event.", source: https://app.tgquest.com/_next/static/chunks/pages/_app-df7dcd428e84f5a7.js (1065)
[40392:19512:0603/092515.467:INFO:CONSOLE(1065)] "A client-side exception has occurred, see here for more info: https://nextjs.org/docs/messages/client-side-exception-occurred", source: https://app.tgquest.com/_next/static/chunks/pages/_app-df7dcd428e84f5a7.js (1065)
[40392:19512:0603/092518.496:INFO:CONSOLE(0)] "The resource https://app.tgquest.com/img/header.png was preloaded using link preload but not used within a few seconds from the window's load event. Please make sure it has an appropriate `as` value and it is preloaded intentionally.", source: https://app.tgquest.com/?tgWebAppStartParam=Nzc1NzYzNjU5#tgWebAppData=user%3D%257B%2522id%2522%253A6229339310%252C%2522first_name%2522%253A%2522C%25C3%25A0%2522%252C%2522last_name%2522%253A%2522R%25E1%25BB%2591t%2522%252C%2522language_code%2522%253A%2522en%2522%252C%2522allows_write_to_pm%2522%253Atrue%257D%26chat_instance%3D-7625161332262385604%26chat_type%3Dsender%26start_param%3DNzc1NzYzNjU5%26auth_date%3D1717381291%26hash%3D16035c5abec54fe35f076ddc37e85e58c00b74f9ce65b9b96b6b53daae5f1132&tgWebAppVersion=7.2&tgWebAppPlatform=weba&tgWebAppThemeParams=%7B%22bg_color%22%3A%22%23ffffff%22%2C%22text_color%22%3A%22%23000000%22%2C%22hint_color%22%3A%22%23707579%22%2C%22link_color%22%3A%22%233390ec%22%2C%22button_color%22%3A%22%233390ec%22%2C%22button_text_color%22%3A%22%23ffffff%22%2C%22secondary_bg_color%22%3A%22%23f4f4f5%22%2C%22header_bg_color%22%3A%22%23ffffff%22%2C%22accent_text_color%22%3A%22%233390ec%22%2C%22section_bg_color%22%3A%22%23ffffff%22%2C%22section_header_text_color%22%3A%22%23707579%22%2C%22subtitle_text_color%22%3A%22%23707579%22%2C%22destructive_text_color%22%3A%22%23e53935%22%7D (0)
[23372:64840:0603/092518.832:WARNING:sqlite_persistent_store_backend_base.cc(198)] Failed to post task from FlushAndNotifyInBackground@net\extras\sqlite\sqlite_persistent_store_backend_base.cc:247 to client_task_runner_.
[23372:64840:0603/092518.832:WARNING:sqlite_persistent_store_backend_base.cc(198)] Failed to post task from FlushAndNotifyInBackground@net\extras\sqlite\sqlite_persistent_store_backend_base.cc:247 to client_task_runner_.
[40392:19512:0603/092518.913:WARNING:pref_notifier_impl.cc(41)] Pref observer for media_router.cast_allow_all_ips found at shutdown.
